xxu46_ 3 spider
Traceback (most recent call last):
  File "auto_run.py", line 6, in <module>
    time.sleep(3600 * 24)
KeyboardInterrupt
xxu46_ 1 spider
xxu46_ 2 spider
xxu46_ 3 spider
xxu46_ 4 spider
xxu46_ 5 spider
xxu46_ 6 spider
xxu46_ 7 spider
xxu46_ 8 spider
xxu46_ 9 spider
xxu46_ 10 spider
xxu46_ 11 spider
xxu46_ 12 spider
xxu46_ 13 spider
xxu46_ 14 spider
xxu46_ 15 spider
xxu46_ 16 spider
xxu46_ 17 spider
xxu46_ 18 spider
xxu46_ 19 spider
xxu46_ 20 spider
xxu46_ 21 spider
xxu46_ 22 spider
xxu46_ 23 spider
xxu46_ 24 spider
xxu46_ 25 spider
xxu46_ 26 spider
xxu46_ 27 spider
xxu46_ 28 spider
xxu46_ 29 spider
xxu46_ 30 spider
xxu46_ 31 spider
xxu46_ 32 spider
